0 info it worked if it ends with ok
1 verbose cli [ 'node', '/usr/local/bin/npm', 'install' ]
2 info using npm@1.4.28
3 info using node@v0.10.32
4 warn package.json Gratis-LibSass@0.0.1 No repository field.
5 verbose readDependencies using package.json deps
6 verbose install where, deps [ '/Users/danny/Sites/Drupal/gratis2/gratis2-site/php/sites/all/themes/gratis',
6 verbose install   [ 'grunt',
6 verbose install     'grunt-contrib-watch',
6 verbose install     'grunt-sass',
6 verbose install     'grunt-timer',
6 verbose install     'node-bourbon',
6 verbose install     'node-neat' ] ]
7 info preinstall Gratis-LibSass@0.0.1
8 verbose readDependencies using package.json deps
9 verbose cache add [ 'grunt@0.4.5', null ]
10 verbose cache add name=undefined spec="grunt@0.4.5" args=["grunt@0.4.5",null]
11 verbose parsed url { protocol: null,
11 verbose parsed url   slashes: null,
11 verbose parsed url   auth: null,
11 verbose parsed url   host: null,
11 verbose parsed url   port: null,
11 verbose parsed url   hostname: null,
11 verbose parsed url   hash: null,
11 verbose parsed url   search: null,
11 verbose parsed url   query: null,
11 verbose parsed url   pathname: 'grunt@0.4.5',
11 verbose parsed url   path: 'grunt@0.4.5',
11 verbose parsed url   href: 'grunt@0.4.5' }
12 verbose cache add [ 'grunt-contrib-watch@~0.6.1', null ]
13 verbose cache add name=undefined spec="grunt-contrib-watch@~0.6.1" args=["grunt-contrib-watch@~0.6.1",null]
14 verbose parsed url { protocol: null,
14 verbose parsed url   slashes: null,
14 verbose parsed url   auth: null,
14 verbose parsed url   host: null,
14 verbose parsed url   port: null,
14 verbose parsed url   hostname: null,
14 verbose parsed url   hash: null,
14 verbose parsed url   search: null,
14 verbose parsed url   query: null,
14 verbose parsed url   pathname: 'grunt-contrib-watch@~0.6.1',
14 verbose parsed url   path: 'grunt-contrib-watch@~0.6.1',
14 verbose parsed url   href: 'grunt-contrib-watch@~0.6.1' }
15 verbose cache add [ 'grunt-sass@0.16.0', null ]
16 verbose cache add name=undefined spec="grunt-sass@0.16.0" args=["grunt-sass@0.16.0",null]
17 verbose parsed url { protocol: null,
17 verbose parsed url   slashes: null,
17 verbose parsed url   auth: null,
17 verbose parsed url   host: null,
17 verbose parsed url   port: null,
17 verbose parsed url   hostname: null,
17 verbose parsed url   hash: null,
17 verbose parsed url   search: null,
17 verbose parsed url   query: null,
17 verbose parsed url   pathname: 'grunt-sass@0.16.0',
17 verbose parsed url   path: 'grunt-sass@0.16.0',
17 verbose parsed url   href: 'grunt-sass@0.16.0' }
18 verbose cache add [ 'grunt-timer@^0.5.8', null ]
19 verbose cache add name=undefined spec="grunt-timer@^0.5.8" args=["grunt-timer@^0.5.8",null]
20 verbose parsed url { protocol: null,
20 verbose parsed url   slashes: null,
20 verbose parsed url   auth: null,
20 verbose parsed url   host: null,
20 verbose parsed url   port: null,
20 verbose parsed url   hostname: null,
20 verbose parsed url   hash: null,
20 verbose parsed url   search: null,
20 verbose parsed url   query: null,
20 verbose parsed url   pathname: 'grunt-timer@^0.5.8',
20 verbose parsed url   path: 'grunt-timer@^0.5.8',
20 verbose parsed url   href: 'grunt-timer@^0.5.8' }
21 verbose cache add name="grunt" spec="0.4.5" args=["grunt","0.4.5"]
22 verbose parsed url { protocol: null,
22 verbose parsed url   slashes: null,
22 verbose parsed url   auth: null,
22 verbose parsed url   host: null,
22 verbose parsed url   port: null,
22 verbose parsed url   hostname: null,
22 verbose parsed url   hash: null,
22 verbose parsed url   search: null,
22 verbose parsed url   query: null,
22 verbose parsed url   pathname: '0.4.5',
22 verbose parsed url   path: '0.4.5',
22 verbose parsed url   href: '0.4.5' }
23 verbose addNamed [ 'grunt', '0.4.5' ]
24 verbose addNamed [ '0.4.5', '0.4.5' ]
25 verbose cache add name="grunt-contrib-watch" spec="~0.6.1" args=["grunt-contrib-watch","~0.6.1"]
26 verbose parsed url { protocol: null,
26 verbose parsed url   slashes: null,
26 verbose parsed url   auth: null,
26 verbose parsed url   host: null,
26 verbose parsed url   port: null,
26 verbose parsed url   hostname: null,
26 verbose parsed url   hash: null,
26 verbose parsed url   search: null,
26 verbose parsed url   query: null,
26 verbose parsed url   pathname: '~0.6.1',
26 verbose parsed url   path: '~0.6.1',
26 verbose parsed url   href: '~0.6.1' }
27 verbose addNamed [ 'grunt-contrib-watch', '~0.6.1' ]
28 verbose addNamed [ null, '>=0.6.1-0 <0.7.0-0' ]
29 verbose cache add name="grunt-sass" spec="0.16.0" args=["grunt-sass","0.16.0"]
30 verbose parsed url { protocol: null,
30 verbose parsed url   slashes: null,
30 verbose parsed url   auth: null,
30 verbose parsed url   host: null,
30 verbose parsed url   port: null,
30 verbose parsed url   hostname: null,
30 verbose parsed url   hash: null,
30 verbose parsed url   search: null,
30 verbose parsed url   query: null,
30 verbose parsed url   pathname: '0.16.0',
30 verbose parsed url   path: '0.16.0',
30 verbose parsed url   href: '0.16.0' }
31 verbose addNamed [ 'grunt-sass', '0.16.0' ]
32 verbose addNamed [ '0.16.0', '0.16.0' ]
33 verbose cache add [ 'node-bourbon@^1.2.3', null ]
34 verbose cache add name=undefined spec="node-bourbon@^1.2.3" args=["node-bourbon@^1.2.3",null]
35 verbose parsed url { protocol: null,
35 verbose parsed url   slashes: null,
35 verbose parsed url   auth: null,
35 verbose parsed url   host: null,
35 verbose parsed url   port: null,
35 verbose parsed url   hostname: null,
35 verbose parsed url   hash: null,
35 verbose parsed url   search: null,
35 verbose parsed url   query: null,
35 verbose parsed url   pathname: 'node-bourbon@^1.2.3',
35 verbose parsed url   path: 'node-bourbon@^1.2.3',
35 verbose parsed url   href: 'node-bourbon@^1.2.3' }
36 verbose cache add [ 'node-neat@1.6.0', null ]
37 verbose cache add name=undefined spec="node-neat@1.6.0" args=["node-neat@1.6.0",null]
38 verbose parsed url { protocol: null,
38 verbose parsed url   slashes: null,
38 verbose parsed url   auth: null,
38 verbose parsed url   host: null,
38 verbose parsed url   port: null,
38 verbose parsed url   hostname: null,
38 verbose parsed url   hash: null,
38 verbose parsed url   search: null,
38 verbose parsed url   query: null,
38 verbose parsed url   pathname: 'node-neat@1.6.0',
38 verbose parsed url   path: 'node-neat@1.6.0',
38 verbose parsed url   href: 'node-neat@1.6.0' }
39 verbose cache add name="grunt-timer" spec="^0.5.8" args=["grunt-timer","^0.5.8"]
40 verbose parsed url { protocol: null,
40 verbose parsed url   slashes: null,
40 verbose parsed url   auth: null,
40 verbose parsed url   host: null,
40 verbose parsed url   port: null,
40 verbose parsed url   hostname: null,
40 verbose parsed url   hash: null,
40 verbose parsed url   search: null,
40 verbose parsed url   query: null,
40 verbose parsed url   pathname: '^0.5.8',
40 verbose parsed url   path: '^0.5.8',
40 verbose parsed url   href: '^0.5.8' }
41 verbose addNamed [ 'grunt-timer', '^0.5.8' ]
42 verbose addNamed [ null, '>=0.5.8-0 <0.6.0-0' ]
43 silly lockFile 81abf7ad-grunt-0-4-5 grunt@0.4.5
44 verbose lock grunt@0.4.5 /Users/danny/.npm/81abf7ad-grunt-0-4-5.lock
45 silly lockFile 82ce6ec8-grunt-contrib-watch-0-6-1 grunt-contrib-watch@~0.6.1
46 verbose lock grunt-contrib-watch@~0.6.1 /Users/danny/.npm/82ce6ec8-grunt-contrib-watch-0-6-1.lock
47 silly lockFile cdda827d-grunt-sass-0-16-0 grunt-sass@0.16.0
48 verbose lock grunt-sass@0.16.0 /Users/danny/.npm/cdda827d-grunt-sass-0-16-0.lock
49 silly lockFile 08e0db86-grunt-timer-0-5-8 grunt-timer@^0.5.8
50 verbose lock grunt-timer@^0.5.8 /Users/danny/.npm/08e0db86-grunt-timer-0-5-8.lock
51 verbose cache add name="node-bourbon" spec="^1.2.3" args=["node-bourbon","^1.2.3"]
52 verbose parsed url { protocol: null,
52 verbose parsed url   slashes: null,
52 verbose parsed url   auth: null,
52 verbose parsed url   host: null,
52 verbose parsed url   port: null,
52 verbose parsed url   hostname: null,
52 verbose parsed url   hash: null,
52 verbose parsed url   search: null,
52 verbose parsed url   query: null,
52 verbose parsed url   pathname: '^1.2.3',
52 verbose parsed url   path: '^1.2.3',
52 verbose parsed url   href: '^1.2.3' }
53 verbose addNamed [ 'node-bourbon', '^1.2.3' ]
54 verbose addNamed [ null, '>=1.2.3-0 <2.0.0-0' ]
55 silly lockFile 4632d237-node-bourbon-1-2-3 node-bourbon@^1.2.3
56 verbose lock node-bourbon@^1.2.3 /Users/danny/.npm/4632d237-node-bourbon-1-2-3.lock
57 verbose cache add name="node-neat" spec="1.6.0" args=["node-neat","1.6.0"]
58 verbose parsed url { protocol: null,
58 verbose parsed url   slashes: null,
58 verbose parsed url   auth: null,
58 verbose parsed url   host: null,
58 verbose parsed url   port: null,
58 verbose parsed url   hostname: null,
58 verbose parsed url   hash: null,
58 verbose parsed url   search: null,
58 verbose parsed url   query: null,
58 verbose parsed url   pathname: '1.6.0',
58 verbose parsed url   path: '1.6.0',
58 verbose parsed url   href: '1.6.0' }
59 verbose addNamed [ 'node-neat', '1.6.0' ]
60 verbose addNamed [ '1.6.0', '1.6.0' ]
61 silly lockFile d4653cc1-node-neat-1-6-0 node-neat@1.6.0
62 verbose lock node-neat@1.6.0 /Users/danny/.npm/d4653cc1-node-neat-1-6-0.lock
63 silly addNameRange { name: 'grunt-contrib-watch',
63 silly addNameRange   range: '>=0.6.1-0 <0.7.0-0',
63 silly addNameRange   hasData: false }
64 silly addNameRange { name: 'grunt-timer',
64 silly addNameRange   range: '>=0.5.8-0 <0.6.0-0',
64 silly addNameRange   hasData: false }
65 silly addNameRange { name: 'node-bourbon',
65 silly addNameRange   range: '>=1.2.3-0 <2.0.0-0',
65 silly addNameRange   hasData: false }
66 verbose request where is /grunt
67 verbose request registry https://registry.npmjs.org/
68 verbose request id 3df3b0e04c2a01ed
69 verbose url raw /grunt
70 verbose url resolving [ 'https://registry.npmjs.org/', './grunt' ]
71 verbose url resolved https://registry.npmjs.org/grunt
72 verbose request where is https://registry.npmjs.org/grunt
73 info trying registry request attempt 1 at 18:33:06
74 verbose etag "8N7RZWYSMZR10ROMOB9KKCB53"
75 http GET https://registry.npmjs.org/grunt
76 verbose request where is /grunt-sass
77 verbose request registry https://registry.npmjs.org/
78 verbose url raw /grunt-sass
79 verbose url resolving [ 'https://registry.npmjs.org/', './grunt-sass' ]
80 verbose url resolved https://registry.npmjs.org/grunt-sass
81 verbose request where is https://registry.npmjs.org/grunt-sass
82 info trying registry request attempt 1 at 18:33:06
83 verbose etag "990TGJIVDYNMHSLNN98W7GHZ2"
84 http GET https://registry.npmjs.org/grunt-sass
85 verbose request where is /grunt-contrib-watch
86 verbose request registry https://registry.npmjs.org/
87 verbose url raw /grunt-contrib-watch
88 verbose url resolving [ 'https://registry.npmjs.org/', './grunt-contrib-watch' ]
89 verbose url resolved https://registry.npmjs.org/grunt-contrib-watch
90 verbose request where is https://registry.npmjs.org/grunt-contrib-watch
91 info trying registry request attempt 1 at 18:33:06
92 verbose etag "1JDWRME0ADLI9DNA7STM9DBUY"
93 http GET https://registry.npmjs.org/grunt-contrib-watch
94 verbose request where is /node-bourbon
95 verbose request registry https://registry.npmjs.org/
96 verbose url raw /node-bourbon
97 verbose url resolving [ 'https://registry.npmjs.org/', './node-bourbon' ]
98 verbose url resolved https://registry.npmjs.org/node-bourbon
99 verbose request where is https://registry.npmjs.org/node-bourbon
100 info trying registry request attempt 1 at 18:33:06
101 verbose etag "EEVHTNCAJ2F7AWTC2J5CLJMZW"
102 http GET https://registry.npmjs.org/node-bourbon
103 verbose request where is /node-neat
104 verbose request registry https://registry.npmjs.org/
105 verbose url raw /node-neat
106 verbose url resolving [ 'https://registry.npmjs.org/', './node-neat' ]
107 verbose url resolved https://registry.npmjs.org/node-neat
108 verbose request where is https://registry.npmjs.org/node-neat
109 info trying registry request attempt 1 at 18:33:06
110 verbose etag "5311KEY9D47Z6F531FBPOHCUN"
111 http GET https://registry.npmjs.org/node-neat
112 verbose request where is /grunt-timer
113 verbose request registry https://registry.npmjs.org/
114 verbose url raw /grunt-timer
115 verbose url resolving [ 'https://registry.npmjs.org/', './grunt-timer' ]
116 verbose url resolved https://registry.npmjs.org/grunt-timer
117 verbose request where is https://registry.npmjs.org/grunt-timer
118 info trying registry request attempt 1 at 18:33:06
119 verbose etag "40D2ZFZ3VYUUDLREHAQD54PYM"
120 http GET https://registry.npmjs.org/grunt-timer
121 http 304 https://registry.npmjs.org/node-bourbon
122 silly registry.get cb [ 304,
122 silly registry.get   { date: 'Tue, 23 Dec 2014 02:33:07 GMT',
122 silly registry.get     server: 'Apache',
122 silly registry.get     via: '1.1 varnish',
122 silly registry.get     'last-modified': 'Tue, 23 Dec 2014 02:33:07 GMT',
122 silly registry.get     'cache-control': 'max-age=60',
122 silly registry.get     etag: '"EEVHTNCAJ2F7AWTC2J5CLJMZW"',
122 silly registry.get     age: '28',
122 silly registry.get     'x-served-by': 'cache-lax1424-LAX',
122 silly registry.get     'x-cache': 'HIT',
122 silly registry.get     'x-cache-hits': '1',
122 silly registry.get     'x-timer': 'S1419301987.783638,VS0,VE0',
122 silly registry.get     vary: 'Accept',
122 silly registry.get     'content-length': '0',
122 silly registry.get     'keep-alive': 'timeout=10, max=50',
122 silly registry.get     connection: 'Keep-Alive' } ]
123 verbose etag https://registry.npmjs.org/node-bourbon from cache
124 http 304 https://registry.npmjs.org/grunt-contrib-watch
125 silly registry.get cb [ 304,
125 silly registry.get   { date: 'Tue, 23 Dec 2014 02:33:07 GMT',
125 silly registry.get     server: 'Apache',
125 silly registry.get     via: '1.1 varnish',
125 silly registry.get     'last-modified': 'Tue, 23 Dec 2014 02:33:07 GMT',
125 silly registry.get     'cache-control': 'max-age=60',
125 silly registry.get     etag: '"1JDWRME0ADLI9DNA7STM9DBUY"',
125 silly registry.get     age: '57',
125 silly registry.get     'x-served-by': 'cache-lax1429-LAX',
125 silly registry.get     'x-cache': 'HIT',
125 silly registry.get     'x-cache-hits': '1',
125 silly registry.get     'x-timer': 'S1419301987.784859,VS0,VE0',
125 silly registry.get     vary: 'Accept',
125 silly registry.get     'content-length': '0',
125 silly registry.get     'keep-alive': 'timeout=10, max=50',
125 silly registry.get     connection: 'Keep-Alive' } ]
126 verbose etag https://registry.npmjs.org/grunt-contrib-watch from cache
127 http 304 https://registry.npmjs.org/grunt
128 silly registry.get cb [ 304,
128 silly registry.get   { date: 'Tue, 23 Dec 2014 02:33:07 GMT',
128 silly registry.get     server: 'Apache',
128 silly registry.get     via: '1.1 varnish',
128 silly registry.get     'last-modified': 'Tue, 23 Dec 2014 02:32:23 GMT',
128 silly registry.get     'cache-control': 'max-age=60',
128 silly registry.get     etag: '"8N7RZWYSMZR10ROMOB9KKCB53"',
128 silly registry.get     age: '58',
128 silly registry.get     'x-served-by': 'cache-lax1424-LAX',
128 silly registry.get     'x-cache': 'HIT',
128 silly registry.get     'x-cache-hits': '2',
128 silly registry.get     'x-timer': 'S1419301987.784676,VS0,VE0',
128 silly registry.get     vary: 'Accept',
128 silly registry.get     'content-length': '0',
128 silly registry.get     'keep-alive': 'timeout=10, max=50',
128 silly registry.get     connection: 'Keep-Alive' } ]
129 verbose etag https://registry.npmjs.org/grunt from cache
130 http 304 https://registry.npmjs.org/grunt-sass
131 silly registry.get cb [ 304,
131 silly registry.get   { date: 'Tue, 23 Dec 2014 02:33:07 GMT',
131 silly registry.get     server: 'Apache',
131 silly registry.get     via: '1.1 varnish',
131 silly registry.get     'last-modified': 'Tue, 23 Dec 2014 02:33:07 GMT',
131 silly registry.get     'cache-control': 'max-age=60',
131 silly registry.get     etag: '"990TGJIVDYNMHSLNN98W7GHZ2"',
131 silly registry.get     age: '28',
131 silly registry.get     'x-served-by': 'cache-lax1423-LAX',
131 silly registry.get     'x-cache': 'HIT',
131 silly registry.get     'x-cache-hits': '1',
131 silly registry.get     'x-timer': 'S1419301987.799890,VS0,VE0',
131 silly registry.get     vary: 'Accept',
131 silly registry.get     'content-length': '0',
131 silly registry.get     'keep-alive': 'timeout=10, max=50',
131 silly registry.get     connection: 'Keep-Alive' } ]
132 verbose etag https://registry.npmjs.org/grunt-sass from cache
133 http 304 https://registry.npmjs.org/node-neat
134 silly registry.get cb [ 304,
134 silly registry.get   { date: 'Tue, 23 Dec 2014 02:33:07 GMT',
134 silly registry.get     server: 'Apache',
134 silly registry.get     via: '1.1 varnish',
134 silly registry.get     'last-modified': 'Tue, 23 Dec 2014 02:33:07 GMT',
134 silly registry.get     'cache-control': 'max-age=60',
134 silly registry.get     etag: '"5311KEY9D47Z6F531FBPOHCUN"',
134 silly registry.get     age: '28',
134 silly registry.get     'x-served-by': 'cache-lax1431-LAX',
134 silly registry.get     'x-cache': 'HIT',
134 silly registry.get     'x-cache-hits': '1',
134 silly registry.get     'x-timer': 'S1419301987.800385,VS0,VE0',
134 silly registry.get     vary: 'Accept',
134 silly registry.get     'content-length': '0',
134 silly registry.get     'keep-alive': 'timeout=10, max=50',
134 silly registry.get     connection: 'Keep-Alive' } ]
135 verbose etag https://registry.npmjs.org/node-neat from cache
136 silly addNameRange number 2 { name: 'node-bourbon',
136 silly addNameRange   range: '>=1.2.3-0 <2.0.0-0',
136 silly addNameRange   hasData: true }
137 silly addNameRange versions [ 'node-bourbon',
137 silly addNameRange   [ '0.1.0', '1.0.0', '1.1.0', '1.2.1', '1.2.2', '1.2.3' ] ]
138 verbose addNamed [ 'node-bourbon', '1.2.3' ]
139 verbose addNamed [ '1.2.3', '1.2.3' ]
140 silly lockFile fd9b58c5-node-bourbon-1-2-3 node-bourbon@1.2.3
141 verbose lock node-bourbon@1.2.3 /Users/danny/.npm/fd9b58c5-node-bourbon-1-2-3.lock
142 silly addNameRange number 2 { name: 'grunt-contrib-watch',
142 silly addNameRange   range: '>=0.6.1-0 <0.7.0-0',
142 silly addNameRange   hasData: true }
143 silly addNameRange versions [ 'grunt-contrib-watch',
143 silly addNameRange   [ '0.1.0',
143 silly addNameRange     '0.1.1',
143 silly addNameRange     '0.1.2',
143 silly addNameRange     '0.1.3',
143 silly addNameRange     '0.1.4',
143 silly addNameRange     '0.2.0',
143 silly addNameRange     '0.3.0',
143 silly addNameRange     '0.3.1',
143 silly addNameRange     '0.4.0',
143 silly addNameRange     '0.4.1',
143 silly addNameRange     '0.4.2',
143 silly addNameRange     '0.4.3',
143 silly addNameRange     '0.4.4',
143 silly addNameRange     '0.5.0',
143 silly addNameRange     '0.5.1',
143 silly addNameRange     '0.5.2',
143 silly addNameRange     '0.5.3',
143 silly addNameRange     '0.6.0',
143 silly addNameRange     '0.6.1',
143 silly addNameRange     '0.2.0-a',
143 silly addNameRange     '0.2.0-rc5',
143 silly addNameRange     '0.2.0-rc7' ] ]
144 verbose addNamed [ 'grunt-contrib-watch', '0.6.1' ]
145 verbose addNamed [ '0.6.1', '0.6.1' ]
146 silly lockFile 08049756-grunt-contrib-watch-0-6-1 grunt-contrib-watch@0.6.1
147 verbose lock grunt-contrib-watch@0.6.1 /Users/danny/.npm/08049756-grunt-contrib-watch-0-6-1.lock
148 silly lockFile d4653cc1-node-neat-1-6-0 node-neat@1.6.0
149 silly lockFile d4653cc1-node-neat-1-6-0 node-neat@1.6.0
150 silly lockFile 81abf7ad-grunt-0-4-5 grunt@0.4.5
151 silly lockFile 81abf7ad-grunt-0-4-5 grunt@0.4.5
152 silly lockFile fd9b58c5-node-bourbon-1-2-3 node-bourbon@1.2.3
153 silly lockFile fd9b58c5-node-bourbon-1-2-3 node-bourbon@1.2.3
154 silly lockFile 4632d237-node-bourbon-1-2-3 node-bourbon@^1.2.3
155 silly lockFile 4632d237-node-bourbon-1-2-3 node-bourbon@^1.2.3
156 silly lockFile 08049756-grunt-contrib-watch-0-6-1 grunt-contrib-watch@0.6.1
157 silly lockFile 08049756-grunt-contrib-watch-0-6-1 grunt-contrib-watch@0.6.1
158 silly lockFile 82ce6ec8-grunt-contrib-watch-0-6-1 grunt-contrib-watch@~0.6.1
159 silly lockFile 82ce6ec8-grunt-contrib-watch-0-6-1 grunt-contrib-watch@~0.6.1
160 silly lockFile cdda827d-grunt-sass-0-16-0 grunt-sass@0.16.0
161 silly lockFile cdda827d-grunt-sass-0-16-0 grunt-sass@0.16.0
162 http 304 https://registry.npmjs.org/grunt-timer
163 silly registry.get cb [ 304,
163 silly registry.get   { date: 'Tue, 23 Dec 2014 02:33:08 GMT',
163 silly registry.get     server: 'Apache',
163 silly registry.get     via: '1.1 varnish',
163 silly registry.get     'last-modified': 'Tue, 23 Dec 2014 02:33:08 GMT',
163 silly registry.get     'cache-control': 'max-age=60',
163 silly registry.get     etag: '"40D2ZFZ3VYUUDLREHAQD54PYM"',
163 silly registry.get     age: '28',
163 silly registry.get     'x-served-by': 'cache-lax1424-LAX',
163 silly registry.get     'x-cache': 'HIT',
163 silly registry.get     'x-cache-hits': '1',
163 silly registry.get     'x-timer': 'S1419301988.023373,VS0,VE0',
163 silly registry.get     vary: 'Accept',
163 silly registry.get     'content-length': '0',
163 silly registry.get     'keep-alive': 'timeout=10, max=49',
163 silly registry.get     connection: 'Keep-Alive' } ]
164 verbose etag https://registry.npmjs.org/grunt-timer from cache
165 silly addNameRange number 2 { name: 'grunt-timer',
165 silly addNameRange   range: '>=0.5.8-0 <0.6.0-0',
165 silly addNameRange   hasData: true }
166 silly addNameRange versions [ 'grunt-timer',
166 silly addNameRange   [ '0.0.1',
166 silly addNameRange     '0.0.2',
166 silly addNameRange     '0.0.3',
166 silly addNameRange     '0.0.4',
166 silly addNameRange     '0.0.5',
166 silly addNameRange     '0.0.6',
166 silly addNameRange     '0.0.7',
166 silly addNameRange     '0.1.0',
166 silly addNameRange     '0.1.1',
166 silly addNameRange     '0.2.0',
166 silly addNameRange     '0.2.1',
166 silly addNameRange     '0.3.0',
166 silly addNameRange     '0.3.1',
166 silly addNameRange     '0.3.2',
166 silly addNameRange     '0.3.3',
166 silly addNameRange     '0.4.0',
166 silly addNameRange     '0.5.0',
166 silly addNameRange     '0.5.1',
166 silly addNameRange     '0.5.2',
166 silly addNameRange     '0.5.3',
166 silly addNameRange     '0.5.4',
166 silly addNameRange     '0.5.5',
166 silly addNameRange     '0.5.6',
166 silly addNameRange     '0.5.7',
166 silly addNameRange     '0.5.8' ] ]
167 verbose addNamed [ 'grunt-timer', '0.5.8' ]
168 verbose addNamed [ '0.5.8', '0.5.8' ]
169 silly lockFile c3421653-grunt-timer-0-5-8 grunt-timer@0.5.8
170 verbose lock grunt-timer@0.5.8 /Users/danny/.npm/c3421653-grunt-timer-0-5-8.lock
171 silly lockFile c3421653-grunt-timer-0-5-8 grunt-timer@0.5.8
172 silly lockFile c3421653-grunt-timer-0-5-8 grunt-timer@0.5.8
173 silly lockFile 08e0db86-grunt-timer-0-5-8 grunt-timer@^0.5.8
174 silly lockFile 08e0db86-grunt-timer-0-5-8 grunt-timer@^0.5.8
175 error Error: version not found: node-neat@1.6.0
175 error     at /usr/local/lib/node_modules/npm/lib/cache/add-named.js:125:12
175 error     at saved (/usr/local/lib/node_modules/npm/node_modules/npm-registry-client/lib/get.js:167:7)
175 error     at Object.oncomplete (fs.js:107:15)
176 error If you need help, you may report this *entire* log,
176 error including the npm and node versions, at:
176 error     <http://github.com/npm/npm/issues>
177 error System Darwin 13.4.0
178 error command "node" "/usr/local/bin/npm" "install"
179 error cwd /Users/danny/Sites/Drupal/gratis2/gratis2-site/php/sites/all/themes/gratis
180 error node -v v0.10.32
181 error npm -v 1.4.28
182 verbose exit [ 1, true ]
